29-Jun-2026 10:11:32.595 INFO [main] org.apache.catalina.startup.VersionLoggerListener.log Server version name:   Apache Tomcat/9.0.119
29-Jun-2026 10:11:32.601 INFO [main] org.apache.catalina.startup.VersionLoggerListener.log Server built:          Jun 18 2026 07:06:31 UTC
29-Jun-2026 10:11:32.601 INFO [main] org.apache.catalina.startup.VersionLoggerListener.log Server version number: 9.0.119.0
29-Jun-2026 10:11:32.601 INFO [main] org.apache.catalina.startup.VersionLoggerListener.log OS Name:               Linux
29-Jun-2026 10:11:32.601 INFO [main] org.apache.catalina.startup.VersionLoggerListener.log OS Version:            7.0.0-1006-aws
29-Jun-2026 10:11:32.601 INFO [main] org.apache.catalina.startup.VersionLoggerListener.log Architecture:          amd64
29-Jun-2026 10:11:32.601 INFO [main] org.apache.catalina.startup.VersionLoggerListener.log Java Home:             /usr/lib/jvm/java-21-openjdk-amd64
29-Jun-2026 10:11:32.602 INFO [main] org.apache.catalina.startup.VersionLoggerListener.log JVM Version:           21.0.11+10-1-26.04.2-Ubuntu
29-Jun-2026 10:11:32.602 INFO [main] org.apache.catalina.startup.VersionLoggerListener.log JVM Vendor:            Ubuntu
29-Jun-2026 10:11:32.602 INFO [main] org.apache.catalina.startup.VersionLoggerListener.log CATALINA_BASE:         /root/tomcat
29-Jun-2026 10:11:32.602 INFO [main] org.apache.catalina.startup.VersionLoggerListener.log CATALINA_HOME:         /root/tomcat
29-Jun-2026 10:11:32.613 INFO [main] org.apache.catalina.startup.VersionLoggerListener.log Command line argument: --add-opens=java.base/java.lang=ALL-UNNAMED
29-Jun-2026 10:11:32.613 INFO [main] org.apache.catalina.startup.VersionLoggerListener.log Command line argument: --add-opens=java.base/java.lang.invoke=ALL-UNNAMED
29-Jun-2026 10:11:32.613 INFO [main] org.apache.catalina.startup.VersionLoggerListener.log Command line argument: --add-opens=java.base/java.lang.reflect=ALL-UNNAMED
29-Jun-2026 10:11:32.613 INFO [main] org.apache.catalina.startup.VersionLoggerListener.log Command line argument: --add-opens=java.base/java.io=ALL-UNNAMED
29-Jun-2026 10:11:32.614 INFO [main] org.apache.catalina.startup.VersionLoggerListener.log Command line argument: --add-opens=java.base/java.util=ALL-UNNAMED
29-Jun-2026 10:11:32.614 INFO [main] org.apache.catalina.startup.VersionLoggerListener.log Command line argument: --add-opens=java.base/java.util.concurrent=ALL-UNNAMED
29-Jun-2026 10:11:32.614 INFO [main] org.apache.catalina.startup.VersionLoggerListener.log Command line argument: --add-opens=java.rmi/sun.rmi.transport=ALL-UNNAMED
29-Jun-2026 10:11:32.614 INFO [main] org.apache.catalina.startup.VersionLoggerListener.log Command line argument: -Djava.util.logging.config.file=/root/tomcat/conf/logging.properties
29-Jun-2026 10:11:32.614 INFO [main] org.apache.catalina.startup.VersionLoggerListener.log Command line argument: -Djava.util.logging.manager=org.apache.juli.ClassLoaderLogManager
29-Jun-2026 10:11:32.614 INFO [main] org.apache.catalina.startup.VersionLoggerListener.log Command line argument: -Djdk.tls.ephemeralDHKeySize=2048
29-Jun-2026 10:11:32.614 INFO [main] org.apache.catalina.startup.VersionLoggerListener.log Command line argument: -Djava.protocol.handler.pkgs=org.apache.catalina.webresources
29-Jun-2026 10:11:32.614 INFO [main] org.apache.catalina.startup.VersionLoggerListener.log Command line argument: -Dsun.io.useCanonCaches=false
29-Jun-2026 10:11:32.614 INFO [main] org.apache.catalina.startup.VersionLoggerListener.log Command line argument: -Dorg.apache.catalina.security.SecurityListener.UMASK=0027
29-Jun-2026 10:11:32.614 INFO [main] org.apache.catalina.startup.VersionLoggerListener.log Command line argument: -Dignore.endorsed.dirs=
29-Jun-2026 10:11:32.614 INFO [main] org.apache.catalina.startup.VersionLoggerListener.log Command line argument: -Dcatalina.base=/root/tomcat
29-Jun-2026 10:11:32.615 INFO [main] org.apache.catalina.startup.VersionLoggerListener.log Command line argument: -Dcatalina.home=/root/tomcat
29-Jun-2026 10:11:32.615 INFO [main] org.apache.catalina.startup.VersionLoggerListener.log Command line argument: -Djava.io.tmpdir=/root/tomcat/temp
29-Jun-2026 10:11:32.618 INFO [main] org.apache.catalina.core.AprLifecycleListener.lifecycleEvent The Apache Tomcat Native library which allows using OpenSSL was not found on the java.library.path: [/usr/java/packages/lib:/usr/lib/x86_64-linux-gnu/jni:/lib/x86_64-linux-gnu:/usr/lib/x86_64-linux-gnu:/usr/lib/jni:/lib:/usr/lib]
29-Jun-2026 10:11:33.091 INFO [main] org.apache.coyote.AbstractProtocol.init Initializing ProtocolHandler ["http-nio-8080"]
29-Jun-2026 10:11:33.123 INFO [main] org.apache.catalina.startup.Catalina.load Server initialization in [739] milliseconds
29-Jun-2026 10:11:33.176 INFO [main] org.apache.catalina.core.StandardService.startInternal Starting service [Catalina]
29-Jun-2026 10:11:33.176 INFO [main] org.apache.catalina.core.StandardEngine.startInternal Starting Servlet engine: [Apache Tomcat/9.0.119]
29-Jun-2026 10:11:33.187 INFO [main] org.apache.catalina.startup.HostConfig.deployDirectory Deploying web application directory [/root/tomcat/webapps/examples]
29-Jun-2026 10:11:33.784 INFO [main] org.apache.catalina.startup.HostConfig.deployDirectory Deployment of web application directory [/root/tomcat/webapps/examples] has finished in [596] ms
29-Jun-2026 10:11:33.784 INFO [main] org.apache.catalina.startup.HostConfig.deployDirectory Deploying web application directory [/root/tomcat/webapps/docs]
29-Jun-2026 10:11:33.801 INFO [main] org.apache.catalina.startup.HostConfig.deployDirectory Deployment of web application directory [/root/tomcat/webapps/docs] has finished in [17] ms
29-Jun-2026 10:11:33.801 INFO [main] org.apache.catalina.startup.HostConfig.deployDirectory Deploying web application directory [/root/tomcat/webapps/manager]
29-Jun-2026 10:11:33.821 INFO [main] org.apache.catalina.startup.HostConfig.deployDirectory Deployment of web application directory [/root/tomcat/webapps/manager] has finished in [20] ms
29-Jun-2026 10:11:33.822 INFO [main] org.apache.catalina.startup.HostConfig.deployDirectory Deploying web application directory [/root/tomcat/webapps/ROOT]
29-Jun-2026 10:11:33.837 INFO [main] org.apache.catalina.startup.HostConfig.deployDirectory Deployment of web application directory [/root/tomcat/webapps/ROOT] has finished in [16] ms
29-Jun-2026 10:11:33.838 INFO [main] org.apache.catalina.startup.HostConfig.deployDirectory Deploying web application directory [/root/tomcat/webapps/host-manager]
29-Jun-2026 10:11:33.854 INFO [main] org.apache.catalina.startup.HostConfig.deployDirectory Deployment of web application directory [/root/tomcat/webapps/host-manager] has finished in [17] ms
29-Jun-2026 10:11:33.857 INFO [main] org.apache.coyote.AbstractProtocol.start Starting ProtocolHandler ["http-nio-8080"]
29-Jun-2026 10:11:33.870 INFO [main] org.apache.catalina.startup.Catalina.start Server startup in [744] milliseconds
